<?xml version="1.0" encoding="UTF-8"?>
<!-- Generated by org.testng.reporters.JUnitXMLReporter -->
<testsuite ignored="1" hostname="ajay" failures="0" tests="1" name="Default test" time="2.243" errors="0" timestamp="2022-03-07T10:38:10 IST">
  <testcase classname="com.qa.apiTest.TC009_BaseUri_BasePath" name="getSpecificValueTest" time="1.302"/>
  <testcase classname="com.qa.apiTest.TC009_BaseUri_BasePath" name="getTest" time="0.0">
    <ignored/>
  </testcase> <!-- getTest -->
</testsuite> <!-- Default test -->
