<?xml version="1.0" encoding="UTF-8"?>
<testng-results ignored="1" total="2" passed="1" failed="0" skipped="0">
  <reporter-output>
  </reporter-output>
  <suite started-at="2022-03-07T10:38:08 IST" name="Default suite" finished-at="2022-03-07T10:38:10 IST" duration-ms="2243">
    <groups>
    </groups>
    <test started-at="2022-03-07T10:38:08 IST" name="Default test" finished-at="2022-03-07T10:38:10 IST" duration-ms="2243">
      <class name="com.qa.apiTest.TC009_BaseUri_BasePath">
        <test-method is-config="true" signature="setUp()[pri:0, instance:com.qa.apiTest.TC009_BaseUri_BasePath@393671df]" started-at="2022-03-07T10:38:08 IST" name="setUp" finished-at="2022-03-07T10:38:09 IST" duration-ms="891" status="PASS">
          <reporter-output>
          </reporter-output>
        </test-method> <!-- setUp -->
        <test-method signature="getSpecificValueTest()[pri:0, instance:com.qa.apiTest.TC009_BaseUri_BasePath@393671df]" started-at="2022-03-07T10:38:09 IST" name="getSpecificValueTest" finished-at="2022-03-07T10:38:10 IST" duration-ms="1302" status="PASS">
          <reporter-output>
          </reporter-output>
        </test-method> <!-- getSpecificValueTest -->
      </class> <!-- com.qa.apiTest.TC009_BaseUri_BasePath -->
    </test> <!-- Default test -->
  </suite> <!-- Default suite -->
</testng-results>
